Performing C SOURCE FILE Test CMAKE_HAVE_LIBC_PTHREAD failed with the following output:
Change Dir: /home/altair/PhD/Codes/Gazebo/simcylinder/build/CMakeFiles/CMakeTmp

Run Build Command(s):/usr/bin/make -f Makefile cmTC_4f43c/fast && /usr/bin/make  -f CMakeFiles/cmTC_4f43c.dir/build.make CMakeFiles/cmTC_4f43c.dir/build
make[1]: Entering directory '/home/altair/PhD/Codes/Gazebo/simcylinder/build/CMakeFiles/CMakeTmp'
Building C object CMakeFiles/cmTC_4f43c.dir/src.c.o
/usr/bin/cc -DCMAKE_HAVE_LIBC_PTHREAD   -o CMakeFiles/cmTC_4f43c.dir/src.c.o -c /home/altair/PhD/Codes/Gazebo/simcylinder/build/CMakeFiles/CMakeTmp/src.c
Linking C executable cmTC_4f43c
/usr/bin/cmake -E cmake_link_script CMakeFiles/cmTC_4f43c.dir/link.txt --verbose=1
/usr/bin/cc -rdynamic CMakeFiles/cmTC_4f43c.dir/src.c.o -o cmTC_4f43c 
CMakeFiles/cmTC_4f43c.dir/src.c.o: In function `main':
src.c:(.text+0x3e): undefined reference to `pthread_create'
src.c:(.text+0x4a): undefined reference to `pthread_detach'
src.c:(.text+0x56): undefined reference to `pthread_cancel'
src.c:(.text+0x67): undefined reference to `pthread_join'
src.c:(.text+0x7b): undefined reference to `pthread_atfork'
collect2: error: ld returned 1 exit status
CMakeFiles/cmTC_4f43c.dir/build.make:98: recipe for target 'cmTC_4f43c' failed
make[1]: *** [cmTC_4f43c] Error 1
make[1]: Leaving directory '/home/altair/PhD/Codes/Gazebo/simcylinder/build/CMakeFiles/CMakeTmp'
Makefile:127: recipe for target 'cmTC_4f43c/fast' failed
make: *** [cmTC_4f43c/fast] Error 2


Source file was:
#include <pthread.h>

static void* test_func(void* data)
{
  return data;
}

int main(void)
{
  pthread_t thread;
  pthread_create(&thread, NULL, test_func, NULL);
  pthread_detach(thread);
  pthread_cancel(thread);
  pthread_join(thread, NULL);
  pthread_atfork(NULL, NULL, NULL);
  pthread_exit(NULL);

  return 0;
}

Determining if the function pthread_create exists in the pthreads failed with the following output:
Change Dir: /home/altair/PhD/Codes/Gazebo/simcylinder/build/CMakeFiles/CMakeTmp

Run Build Command(s):/usr/bin/make -f Makefile cmTC_ebe8b/fast && /usr/bin/make  -f CMakeFiles/cmTC_ebe8b.dir/build.make CMakeFiles/cmTC_ebe8b.dir/build
make[1]: Entering directory '/home/altair/PhD/Codes/Gazebo/simcylinder/build/CMakeFiles/CMakeTmp'
Building C object CMakeFiles/cmTC_ebe8b.dir/CheckFunctionExists.c.o
/usr/bin/cc   -DCHECK_FUNCTION_EXISTS=pthread_create -o CMakeFiles/cmTC_ebe8b.dir/CheckFunctionExists.c.o -c /usr/share/cmake-3.22/Modules/CheckFunctionExists.c
Linking C executable cmTC_ebe8b
/usr/bin/cmake -E cmake_link_script CMakeFiles/cmTC_ebe8b.dir/link.txt --verbose=1
/usr/bin/cc  -DCHECK_FUNCTION_EXISTS=pthread_create -rdynamic CMakeFiles/cmTC_ebe8b.dir/CheckFunctionExists.c.o -o cmTC_ebe8b  -lpthreads 
/usr/bin/ld: cannot find -lpthreads
collect2: error: ld returned 1 exit status
CMakeFiles/cmTC_ebe8b.dir/build.make:98: recipe for target 'cmTC_ebe8b' failed
make[1]: *** [cmTC_ebe8b] Error 1
make[1]: Leaving directory '/home/altair/PhD/Codes/Gazebo/simcylinder/build/CMakeFiles/CMakeTmp'
Makefile:127: recipe for target 'cmTC_ebe8b/fast' failed
make: *** [cmTC_ebe8b/fast] Error 2



